17:30:22.511 [main] DEBUG o.a.c.h.params.DefaultHttpParams - Set parameter http.useragent = Jakarta Commons-HttpClient/3.1
17:30:22.514 [main] DEBUG o.a.c.h.params.DefaultHttpParams - Set parameter http.protocol.version = HTTP/1.1
17:30:22.515 [main] DEBUG o.a.c.h.params.DefaultHttpParams - Set parameter http.connection-manager.class = class org.apache.commons.httpclient.SimpleHttpConnectionManager
17:30:22.515 [main] DEBUG o.a.c.h.params.DefaultHttpParams - Set parameter http.protocol.cookie-policy = default
17:30:22.515 [main] DEBUG o.a.c.h.params.DefaultHttpParams - Set parameter http.protocol.element-charset = US-ASCII
17:30:22.515 [main] DEBUG o.a.c.h.params.DefaultHttpParams - Set parameter http.protocol.content-charset = ISO-8859-1
17:30:22.516 [main] DEBUG o.a.c.h.params.DefaultHttpParams - Set parameter http.method.retry-handler = org.apache.commons.httpclient.DefaultHttpMethodRetryHandler@1d082e88
17:30:22.516 [main] DEBUG o.a.c.h.params.DefaultHttpParams - Set parameter http.dateparser.patterns = [EEE, dd MMM yyyy HH:mm:ss zzz, EEEE, dd-MMM-yy HH:mm:ss zzz, EEE MMM d HH:mm:ss yyyy, EEE, dd-MMM-yyyy HH:mm:ss z, EEE, dd-MMM-yyyy HH-mm-ss z, EEE, dd MMM yy HH:mm:ss z, EEE dd-MMM-yyyy HH:mm:ss z, EEE dd MMM yyyy HH:mm:ss z, EEE dd-MMM-yyyy HH-mm-ss z, EEE dd-MMM-yy HH:mm:ss z, EEE dd MMM yy HH:mm:ss z, EEE,dd-MMM-yy HH:mm:ss z, EEE,dd-MMM-yyyy HH:mm:ss z, EEE, dd-MM-yyyy HH:mm:ss z]
17:30:22.536 [main] DEBUG o.a.c.h.params.DefaultHttpParams - Set parameter http.connection.timeout = 25000
17:30:22.536 [main] DEBUG o.a.c.h.params.DefaultHttpParams - Set parameter http.socket.timeout = 25000
17:30:22.545 [main] DEBUG o.a.c.h.params.DefaultHttpParams - Set parameter http.connection-manager.max-per-host = {HostConfiguration[]=20}
17:30:22.545 [main] DEBUG o.a.c.h.params.DefaultHttpParams - Set parameter http.connection-manager.max-total = 20
17:30:22.546 [main] DEBUG org.apache.commons.httpclient.HttpClient - Java version: 1.8.0_144
17:30:22.546 [main] DEBUG org.apache.commons.httpclient.HttpClient - Java vendor: Oracle Corporation
17:30:22.546 [main] DEBUG org.apache.commons.httpclient.HttpClient - Java class path: C:\Program Files\Java\jdk1.8.0_144\jre\lib\charsets.jar;C:\Program Files\Java\jdk1.8.0_144\jre\lib\deploy.jar;C:\Program Files\Java\jdk1.8.0_144\jre\lib\ext\access-bridge-64.jar;C:\Program Files\Java\jdk1.8.0_144\jre\lib\ext\cldrdata.jar;C:\Program Files\Java\jdk1.8.0_144\jre\lib\ext\dnsns.jar;C:\Program Files\Java\jdk1.8.0_144\jre\lib\ext\jaccess.jar;C:\Program Files\Java\jdk1.8.0_144\jre\lib\ext\jfxrt.jar;C:\Program Files\Java\jdk1.8.0_144\jre\lib\ext\localedata.jar;C:\Program Files\Java\jdk1.8.0_144\jre\lib\ext\nashorn.jar;C:\Program Files\Java\jdk1.8.0_144\jre\lib\ext\sunec.jar;C:\Program Files\Java\jdk1.8.0_144\jre\lib\ext\sunjce_provider.jar;C:\Program Files\Java\jdk1.8.0_144\jre\lib\ext\sunmscapi.jar;C:\Program Files\Java\jdk1.8.0_144\jre\lib\ext\sunpkcs11.jar;C:\Program Files\Java\jdk1.8.0_144\jre\lib\ext\zipfs.jar;C:\Program Files\Java\jdk1.8.0_144\jre\lib\javaws.jar;C:\Program Files\Java\jdk1.8.0_144\jre\lib\jce.jar;C:\Program Files\Java\jdk1.8.0_144\jre\lib\jfr.jar;C:\Program Files\Java\jdk1.8.0_144\jre\lib\jfxswt.jar;C:\Program Files\Java\jdk1.8.0_144\jre\lib\jsse.jar;C:\Program Files\Java\jdk1.8.0_144\jre\lib\management-agent.jar;C:\Program Files\Java\jdk1.8.0_144\jre\lib\plugin.jar;C:\Program Files\Java\jdk1.8.0_144\jre\lib\resources.jar;C:\Program Files\Java\jdk1.8.0_144\jre\lib\rt.jar;F:\workspace\springbootparent\springbootservice\target\classes;C:\Users\Administrator\.m2\repository\org\slf4j\jul-to-slf4j\1.7.25\jul-to-slf4j-1.7.25.jar;C:\Users\Administrator\.m2\repository\ch\qos\logback\logback-classic\1.2.3\logback-classic-1.2.3.jar;C:\Users\Administrator\.m2\repository\org\slf4j\slf4j-api\1.7.25\slf4j-api-1.7.25.jar;C:\Users\Administrator\.m2\repository\junit\junit\4.12\junit-4.12.jar;C:\Users\Administrator\.m2\repository\org\hamcrest\hamcrest-core\1.3\hamcrest-core-1.3.jar;C:\Users\Administrator\.m2\repository\commons-httpclient\commons-httpclient\3.1\commons-httpclient-3.1.jar;C:\Users\Administrator\.m2\repository\commons-logging\commons-logging\1.0.4\commons-logging-1.0.4.jar;C:\Users\Administrator\.m2\repository\commons-codec\commons-codec\1.10\commons-codec-1.10.jar;C:\Users\Administrator\.m2\repository\org\apache\httpcomponents\httpclient\4.5.2\httpclient-4.5.2.jar;C:\Users\Administrator\.m2\repository\org\apache\httpcomponents\httpcore\4.4.6\httpcore-4.4.6.jar;F:\workspace\springbootparent\springboot-common\target\classes;C:\Users\Administrator\.m2\repository\org\springframework\boot\spring-boot-starter\1.5.7.RELEASE\spring-boot-starter-1.5.7.RELEASE.jar;C:\Users\Administrator\.m2\repository\org\springframework\boot\spring-boot\1.5.7.RELEASE\spring-boot-1.5.7.RELEASE.jar;C:\Users\Administrator\.m2\repository\org\springframework\boot\spring-boot-autoconfigure\1.5.7.RELEASE\spring-boot-autoconfigure-1.5.7.RELEASE.jar;C:\Users\Administrator\.m2\repository\org\springframework\boot\spring-boot-starter-logging\1.5.7.RELEASE\spring-boot-starter-logging-1.5.7.RELEASE.jar;C:\Users\Administrator\.m2\repository\org\slf4j\jcl-over-slf4j\1.7.25\jcl-over-slf4j-1.7.25.jar;C:\Users\Administrator\.m2\repository\org\slf4j\log4j-over-slf4j\1.7.25\log4j-over-slf4j-1.7.25.jar;C:\Users\Administrator\.m2\repository\org\yaml\snakeyaml\1.17\snakeyaml-1.17.jar;C:\Users\Administrator\.m2\repository\org\springframework\boot\spring-boot-starter-web\1.5.7.RELEASE\spring-boot-starter-web-1.5.7.RELEASE.jar;C:\Users\Administrator\.m2\repository\org\springframework\boot\spring-boot-starter-tomcat\1.5.7.RELEASE\spring-boot-starter-tomcat-1.5.7.RELEASE.jar;C:\Users\Administrator\.m2\repository\org\apache\tomcat\embed\tomcat-embed-core\8.5.20\tomcat-embed-core-8.5.20.jar;C:\Users\Administrator\.m2\repository\org\apache\tomcat\embed\tomcat-embed-el\8.5.20\tomcat-embed-el-8.5.20.jar;C:\Users\Administrator\.m2\repository\org\apache\tomcat\embed\tomcat-embed-websocket\8.5.20\tomcat-embed-websocket-8.5.20.jar;C:\Users\Administrator\.m2\repository\org\hibernate\hibernate-validator\5.3.5.Final\hibernate-validator-5.3.5.Final.jar;C:\Users\Administrator\.m2\repository\javax\validation\validation-api\1.1.0.Final\validation-api-1.1.0.Final.jar;C:\Users\Administrator\.m2\repository\org\jboss\logging\jboss-logging\3.3.1.Final\jboss-logging-3.3.1.Final.jar;C:\Users\Administrator\.m2\repository\com\fasterxml\classmate\1.3.4\classmate-1.3.4.jar;C:\Users\Administrator\.m2\repository\com\fasterxml\jackson\core\jackson-databind\2.8.10\jackson-databind-2.8.10.jar;C:\Users\Administrator\.m2\repository\com\fasterxml\jackson\core\jackson-annotations\2.8.0\jackson-annotations-2.8.0.jar;C:\Users\Administrator\.m2\repository\com\fasterxml\jackson\core\jackson-core\2.8.10\jackson-core-2.8.10.jar;C:\Users\Administrator\.m2\repository\org\springframework\spring-web\4.3.11.RELEASE\spring-web-4.3.11.RELEASE.jar;C:\Users\Administrator\.m2\repository\org\springframework\spring-aop\4.3.11.RELEASE\spring-aop-4.3.11.RELEASE.jar;C:\Users\Administrator\.m2\repository\org\springframework\spring-beans\4.3.11.RELEASE\spring-beans-4.3.11.RELEASE.jar;C:\Users\Administrator\.m2\repository\org\springframework\spring-context\4.3.11.RELEASE\spring-context-4.3.11.RELEASE.jar;C:\Users\Administrator\.m2\repository\org\springframework\spring-webmvc\4.3.11.RELEASE\spring-webmvc-4.3.11.RELEASE.jar;C:\Users\Administrator\.m2\repository\org\springframework\spring-expression\4.3.11.RELEASE\spring-expression-4.3.11.RELEASE.jar;C:\Users\Administrator\.m2\repository\mysql\mysql-connector-java\5.1.44\mysql-connector-java-5.1.44.jar;C:\Users\Administrator\.m2\repository\org\mybatis\spring\boot\mybatis-spring-boot-starter\1.3.0\mybatis-spring-boot-starter-1.3.0.jar;C:\Users\Administrator\.m2\repository\org\springframework\boot\spring-boot-starter-jdbc\1.5.7.RELEASE\spring-boot-starter-jdbc-1.5.7.RELEASE.jar;C:\Users\Administrator\.m2\repository\org\apache\tomcat\tomcat-jdbc\8.5.20\tomcat-jdbc-8.5.20.jar;C:\Users\Administrator\.m2\repository\org\apache\tomcat\tomcat-juli\8.5.20\tomcat-juli-8.5.20.jar;C:\Users\Administrator\.m2\repository\org\springframework\spring-jdbc\4.3.11.RELEASE\spring-jdbc-4.3.11.RELEASE.jar;C:\Users\Administrator\.m2\repository\org\springframework\spring-tx\4.3.11.RELEASE\spring-tx-4.3.11.RELEASE.jar;C:\Users\Administrator\.m2\repository\org\mybatis\spring\boot\mybatis-spring-boot-autoconfigure\1.3.0\mybatis-spring-boot-autoconfigure-1.3.0.jar;C:\Users\Administrator\.m2\repository\org\mybatis\mybatis\3.4.4\mybatis-3.4.4.jar;C:\Users\Administrator\.m2\repository\org\mybatis\mybatis-spring\1.3.1\mybatis-spring-1.3.1.jar;C:\Users\Administrator\.m2\repository\tk\mybatis\mapper-spring-boot-starter\1.1.4\mapper-spring-boot-starter-1.1.4.jar;C:\Users\Administrator\.m2\repository\tk\mybatis\mapper-spring-boot-autoconfigure\1.1.4\mapper-spring-boot-autoconfigure-1.1.4.jar;C:\Users\Administrator\.m2\repository\tk\mybatis\mapper\3.4.3\mapper-3.4.3.jar;C:\Users\Administrator\.m2\repository\javax\persistence\persistence-api\1.0\persistence-api-1.0.jar;C:\Users\Administrator\.m2\repository\org\mybatis\generator\mybatis-generator-core\1.3.5\mybatis-generator-core-1.3.5.jar;C:\Users\Administrator\.m2\repository\com\github\pagehelper\pagehelper-spring-boot-starter\1.2.1\pagehelper-spring-boot-starter-1.2.1.jar;C:\Users\Administrator\.m2\repository\com\github\pagehelper\pagehelper-spring-boot-autoconfigure\1.2.1\pagehelper-spring-boot-autoconfigure-1.2.1.jar;C:\Users\Administrator\.m2\repository\com\github\pagehelper\pagehelper\5.1.1\pagehelper-5.1.1.jar;C:\Users\Administrator\.m2\repository\com\github\jsqlparser\jsqlparser\1.0\jsqlparser-1.0.jar;C:\Users\Administrator\.m2\repository\ch\qos\logback\logback-core\1.1.11\logback-core-1.1.11.jar;C:\Users\Administrator\.m2\repository\io\dubbo\springboot\spring-boot-starter-dubbo\1.0.0\spring-boot-starter-dubbo-1.0.0.jar;C:\Users\Administrator\.m2\repository\com\alibaba\dubbo\2.5.3\dubbo-2.5.3.jar;C:\Users\Administrator\.m2\repository\org\javassist\javassist\3.21.0-GA\javassist-3.21.0-GA.jar;C:\Users\Administrator\.m2\repository\org\jboss\netty\netty\3.2.5.Final\netty-3.2.5.Final.jar;C:\Users\Administrator\.m2\repository\com\101tec\zkclient\0.7\zkclient-0.7.jar;C:\Users\Administrator\.m2\repository\org\apache\zookeeper\zookeeper\3.4.8\zookeeper-3.4.8.jar;C:\Users\Administrator\.m2\repository\org\slf4j\slf4j-log4j12\1.7.25\slf4j-log4j12-1.7.25.jar;C:\Users\Administrator\.m2\repository\log4j\log4j\1.2.16\log4j-1.2.16.jar;C:\Users\Administrator\.m2\repository\jline\jline\0.9.94\jline-0.9.94.jar;C:\Users\Administrator\.m2\repository\io\netty\netty\3.7.0.Final\netty-3.7.0.Final.jar;C:\Users\Administrator\.m2\repository\org\projectlombok\lombok\1.16.18\lombok-1.16.18.jar;C:\Users\Administrator\.m2\repository\org\springframework\spring-core\4.3.11.RELEASE\spring-core-4.3.11.RELEASE.jar;C:\Program Files\JetBrains\IntelliJ IDEA 2017.2.2\lib\idea_rt.jar
17:30:22.549 [main] DEBUG org.apache.commons.httpclient.HttpClient - Operating system name: Windows 7
17:30:22.549 [main] DEBUG org.apache.commons.httpclient.HttpClient - Operating system architecture: amd64
17:30:22.549 [main] DEBUG org.apache.commons.httpclient.HttpClient - Operating system version: 6.1
17:30:22.662 [main] DEBUG org.apache.commons.httpclient.HttpClient - SUN 1.8: SUN (DSA key/parameter generation; DSA signing; SHA-1, MD5 digests; SecureRandom; X.509 certificates; JKS & DKS keystores; PKIX CertPathValidator; PKIX CertPathBuilder; LDAP, Collection CertStores, JavaPolicy Policy; JavaLoginConfig Configuration)
17:30:22.663 [main] DEBUG org.apache.commons.httpclient.HttpClient - SunRsaSign 1.8: Sun RSA signature provider
17:30:22.663 [main] DEBUG org.apache.commons.httpclient.HttpClient - SunEC 1.8: Sun Elliptic Curve provider (EC, ECDSA, ECDH)
17:30:22.663 [main] DEBUG org.apache.commons.httpclient.HttpClient - SunJSSE 1.8: Sun JSSE provider(PKCS12, SunX509/PKIX key/trust factories, SSLv3/TLSv1/TLSv1.1/TLSv1.2)
17:30:22.663 [main] DEBUG org.apache.commons.httpclient.HttpClient - SunJCE 1.8: SunJCE Provider (implements RSA, DES, Triple DES, AES, Blowfish, ARCFOUR, RC2, PBE, Diffie-Hellman, HMAC)
17:30:22.663 [main] DEBUG org.apache.commons.httpclient.HttpClient - SunJGSS 1.8: Sun (Kerberos v5, SPNEGO)
17:30:22.663 [main] DEBUG org.apache.commons.httpclient.HttpClient - SunSASL 1.8: Sun SASL provider(implements client mechanisms for: DIGEST-MD5, GSSAPI, EXTERNAL, PLAIN, CRAM-MD5, NTLM; server mechanisms for: DIGEST-MD5, GSSAPI, CRAM-MD5, NTLM)
17:30:22.663 [main] DEBUG org.apache.commons.httpclient.HttpClient - XMLDSig 1.8: XMLDSig (DOM XMLSignatureFactory; DOM KeyInfoFactory; C14N 1.0, C14N 1.1, Exclusive C14N, Base64, Enveloped, XPath, XPath2, XSLT TransformServices)
17:30:22.663 [main] DEBUG org.apache.commons.httpclient.HttpClient - SunPCSC 1.8: Sun PC/SC provider
17:30:22.663 [main] DEBUG org.apache.commons.httpclient.HttpClient - SunMSCAPI 1.8: Sun's Microsoft Crypto API provider
17:30:22.665 [main] INFO  c.j.s.practice.sms.HttpUtils - http://202.85.221.42:9885/c123/sendsms
17:30:22.705 [main] DEBUG o.a.c.h.MultiThreadedHttpConnectionManager - HttpConnectionManager.getConnection:  config = HostConfiguration[host=http://202.85.221.42:9885], timeout = 0
17:30:22.706 [main] DEBUG o.a.c.h.MultiThreadedHttpConnectionManager - Allocating new connection, hostConfig=HostConfiguration[host=http://202.85.221.42:9885]
17:30:22.712 [main] DEBUG o.a.commons.httpclient.HttpConnection - Open connection to 202.85.221.42:9885
17:30:22.760 [main] DEBUG httpclient.wire.header - >> "POST /c123/sendsms HTTP/1.1[\r][\n]"
17:30:22.761 [main] DEBUG o.a.commons.httpclient.HttpMethodBase - Adding Host request header
17:30:22.785 [main] DEBUG httpclient.wire.header - >> "Content-Type: application/x-www-form-urlencoded;charset=gb2312[\r][\n]"
17:30:22.785 [main] DEBUG httpclient.wire.header - >> "User-Agent: Jakarta Commons-HttpClient/3.1[\r][\n]"
17:30:22.785 [main] DEBUG httpclient.wire.header - >> "Host: 202.85.221.42:9885[\r][\n]"
17:30:22.785 [main] DEBUG httpclient.wire.header - >> "Content-Length: 69[\r][\n]"
17:30:22.785 [main] DEBUG httpclient.wire.header - >> "[\r][\n]"
17:30:22.785 [main] DEBUG httpclient.wire.content - >> "uid=ceshi123&mobile=18868945831&pwd=&content=%B2%E2%CA%D4%C4%E3%BA%C3"
17:30:22.785 [main] DEBUG o.a.c.h.methods.EntityEnclosingMethod - Request body sent
17:30:22.820 [main] DEBUG httpclient.wire.header - << "HTTP/1.0 200 OK[\r][\n]"
17:30:22.820 [main] DEBUG httpclient.wire.header - << "HTTP/1.0 200 OK[\r][\n]"
17:30:22.821 [main] DEBUG httpclient.wire.header - << "content-length: 2[\r][\n]"
17:30:22.821 [main] DEBUG httpclient.wire.header - << "[\r][\n]"
17:30:22.822 [main] DEBUG o.a.commons.httpclient.HttpMethodBase - Buffering response body
17:30:22.822 [main] DEBUG httpclient.wire.content - << "-1"
17:30:22.822 [main] DEBUG o.a.commons.httpclient.HttpMethodBase - Resorting to protocol version default close connection policy
17:30:22.823 [main] DEBUG o.a.commons.httpclient.HttpMethodBase - Should close connection, using HTTP/1.0
17:30:22.823 [main] DEBUG o.a.commons.httpclient.HttpConnection - Releasing connection back to connection manager.
17:30:22.823 [main] DEBUG o.a.c.h.MultiThreadedHttpConnectionManager - Freeing connection, hostConfig=HostConfiguration[host=http://202.85.221.42:9885]
17:30:22.823 [main] DEBUG o.a.c.h.util.IdleConnectionHandler - Adding connection at: 1531992622823
17:30:22.823 [main] DEBUG o.a.c.h.MultiThreadedHttpConnectionManager - Notifying no-one, there are no waiting threads
17:30:22.823 [main] DEBUG o.a.commons.httpclient.HttpMethodBase - Default charset used: ISO-8859-1
17:30:22.824 [main] INFO  c.j.s.practice.sms.HttpUtils - http://202.85.221.42:9885/c123/sendsms
17:30:22.824 [main] DEBUG o.a.c.h.MultiThreadedHttpConnectionManager - HttpConnectionManager.getConnection:  config = HostConfiguration[host=http://202.85.221.42:9885], timeout = 0
17:30:22.824 [main] DEBUG o.a.c.h.MultiThreadedHttpConnectionManager - Getting free connection, hostConfig=HostConfiguration[host=http://202.85.221.42:9885]
17:30:22.824 [main] DEBUG o.a.commons.httpclient.HttpConnection - Open connection to 202.85.221.42:9885
17:30:22.854 [main] DEBUG httpclient.wire.header - >> "POST /c123/sendsms HTTP/1.1[\r][\n]"
17:30:22.854 [main] DEBUG o.a.commons.httpclient.HttpMethodBase - Adding Host request header
17:30:22.854 [main] DEBUG httpclient.wire.header - >> "Content-Type: application/x-www-form-urlencoded;charset=UTF-8[\r][\n]"
17:30:22.854 [main] DEBUG httpclient.wire.header - >> "User-Agent: Jakarta Commons-HttpClient/3.1[\r][\n]"
17:30:22.854 [main] DEBUG httpclient.wire.header - >> "Host: 202.85.221.42:9885[\r][\n]"
17:30:22.854 [main] DEBUG httpclient.wire.header - >> "Content-Length: 29[\r][\n]"
17:30:22.854 [main] DEBUG httpclient.wire.header - >> "[\r][\n]"
17:30:22.855 [main] DEBUG httpclient.wire.content - >> "encode=utf8&uid=ceshi123&pwd="
17:30:22.855 [main] DEBUG o.a.c.h.methods.EntityEnclosingMethod - Request body sent
17:30:22.883 [main] DEBUG httpclient.wire.header - << "HTTP/1.0 200 OK[\r][\n]"
17:30:22.883 [main] DEBUG httpclient.wire.header - << "HTTP/1.0 200 OK[\r][\n]"
17:30:22.883 [main] DEBUG httpclient.wire.header - << "content-length: 2[\r][\n]"
17:30:22.883 [main] DEBUG httpclient.wire.header - << "[\r][\n]"
17:30:22.884 [main] DEBUG o.a.commons.httpclient.HttpMethodBase - Buffering response body
17:30:22.884 [main] DEBUG httpclient.wire.content - << "-1"
17:30:22.884 [main] DEBUG o.a.commons.httpclient.HttpMethodBase - Resorting to protocol version default close connection policy
17:30:22.884 [main] DEBUG o.a.commons.httpclient.HttpMethodBase - Should close connection, using HTTP/1.0
17:30:22.884 [main] DEBUG o.a.commons.httpclient.HttpConnection - Releasing connection back to connection manager.
17:30:22.884 [main] DEBUG o.a.c.h.MultiThreadedHttpConnectionManager - Freeing connection, hostConfig=HostConfiguration[host=http://202.85.221.42:9885]
17:30:22.884 [main] DEBUG o.a.c.h.util.IdleConnectionHandler - Adding connection at: 1531992622884
17:30:22.884 [main] DEBUG o.a.c.h.MultiThreadedHttpConnectionManager - Notifying no-one, there are no waiting threads
17:30:22.884 [main] DEBUG o.a.commons.httpclient.HttpMethodBase - Default charset used: ISO-8859-1
17:32:11.118 [main] DEBUG o.a.c.h.params.DefaultHttpParams - Set parameter http.useragent = Jakarta Commons-HttpClient/3.1
17:32:11.121 [main] DEBUG o.a.c.h.params.DefaultHttpParams - Set parameter http.protocol.version = HTTP/1.1
17:32:11.122 [main] DEBUG o.a.c.h.params.DefaultHttpParams - Set parameter http.connection-manager.class = class org.apache.commons.httpclient.SimpleHttpConnectionManager
17:32:11.122 [main] DEBUG o.a.c.h.params.DefaultHttpParams - Set parameter http.protocol.cookie-policy = default
17:32:11.122 [main] DEBUG o.a.c.h.params.DefaultHttpParams - Set parameter http.protocol.element-charset = US-ASCII
17:32:11.123 [main] DEBUG o.a.c.h.params.DefaultHttpParams - Set parameter http.protocol.content-charset = ISO-8859-1
17:32:11.124 [main] DEBUG o.a.c.h.params.DefaultHttpParams - Set parameter http.method.retry-handler = org.apache.commons.httpclient.DefaultHttpMethodRetryHandler@1d082e88
17:32:11.124 [main] DEBUG o.a.c.h.params.DefaultHttpParams - Set parameter http.dateparser.patterns = [EEE, dd MMM yyyy HH:mm:ss zzz, EEEE, dd-MMM-yy HH:mm:ss zzz, EEE MMM d HH:mm:ss yyyy, EEE, dd-MMM-yyyy HH:mm:ss z, EEE, dd-MMM-yyyy HH-mm-ss z, EEE, dd MMM yy HH:mm:ss z, EEE dd-MMM-yyyy HH:mm:ss z, EEE dd MMM yyyy HH:mm:ss z, EEE dd-MMM-yyyy HH-mm-ss z, EEE dd-MMM-yy HH:mm:ss z, EEE dd MMM yy HH:mm:ss z, EEE,dd-MMM-yy HH:mm:ss z, EEE,dd-MMM-yyyy HH:mm:ss z, EEE, dd-MM-yyyy HH:mm:ss z]
17:32:11.126 [main] DEBUG o.a.c.h.params.DefaultHttpParams - Set parameter http.connection.timeout = 25000
17:32:11.126 [main] DEBUG o.a.c.h.params.DefaultHttpParams - Set parameter http.socket.timeout = 25000
17:32:11.127 [main] DEBUG o.a.c.h.params.DefaultHttpParams - Set parameter http.connection-manager.max-per-host = {HostConfiguration[]=20}
17:32:11.128 [main] DEBUG o.a.c.h.params.DefaultHttpParams - Set parameter http.connection-manager.max-total = 20
17:32:11.129 [main] DEBUG org.apache.commons.httpclient.HttpClient - Java version: 1.8.0_144
17:32:11.129 [main] DEBUG org.apache.commons.httpclient.HttpClient - Java vendor: Oracle Corporation
17:32:11.129 [main] DEBUG org.apache.commons.httpclient.HttpClient - Java class path: C:\Program Files\Java\jdk1.8.0_144\jre\lib\charsets.jar;C:\Program Files\Java\jdk1.8.0_144\jre\lib\deploy.jar;C:\Program Files\Java\jdk1.8.0_144\jre\lib\ext\access-bridge-64.jar;C:\Program Files\Java\jdk1.8.0_144\jre\lib\ext\cldrdata.jar;C:\Program Files\Java\jdk1.8.0_144\jre\lib\ext\dnsns.jar;C:\Program Files\Java\jdk1.8.0_144\jre\lib\ext\jaccess.jar;C:\Program Files\Java\jdk1.8.0_144\jre\lib\ext\jfxrt.jar;C:\Program Files\Java\jdk1.8.0_144\jre\lib\ext\localedata.jar;C:\Program Files\Java\jdk1.8.0_144\jre\lib\ext\nashorn.jar;C:\Program Files\Java\jdk1.8.0_144\jre\lib\ext\sunec.jar;C:\Program Files\Java\jdk1.8.0_144\jre\lib\ext\sunjce_provider.jar;C:\Program Files\Java\jdk1.8.0_144\jre\lib\ext\sunmscapi.jar;C:\Program Files\Java\jdk1.8.0_144\jre\lib\ext\sunpkcs11.jar;C:\Program Files\Java\jdk1.8.0_144\jre\lib\ext\zipfs.jar;C:\Program Files\Java\jdk1.8.0_144\jre\lib\javaws.jar;C:\Program Files\Java\jdk1.8.0_144\jre\lib\jce.jar;C:\Program Files\Java\jdk1.8.0_144\jre\lib\jfr.jar;C:\Program Files\Java\jdk1.8.0_144\jre\lib\jfxswt.jar;C:\Program Files\Java\jdk1.8.0_144\jre\lib\jsse.jar;C:\Program Files\Java\jdk1.8.0_144\jre\lib\management-agent.jar;C:\Program Files\Java\jdk1.8.0_144\jre\lib\plugin.jar;C:\Program Files\Java\jdk1.8.0_144\jre\lib\resources.jar;C:\Program Files\Java\jdk1.8.0_144\jre\lib\rt.jar;F:\workspace\springbootparent\springbootservice\target\classes;C:\Users\Administrator\.m2\repository\org\slf4j\jul-to-slf4j\1.7.25\jul-to-slf4j-1.7.25.jar;C:\Users\Administrator\.m2\repository\ch\qos\logback\logback-classic\1.2.3\logback-classic-1.2.3.jar;C:\Users\Administrator\.m2\repository\org\slf4j\slf4j-api\1.7.25\slf4j-api-1.7.25.jar;C:\Users\Administrator\.m2\repository\junit\junit\4.12\junit-4.12.jar;C:\Users\Administrator\.m2\repository\org\hamcrest\hamcrest-core\1.3\hamcrest-core-1.3.jar;C:\Users\Administrator\.m2\repository\commons-httpclient\commons-httpclient\3.1\commons-httpclient-3.1.jar;C:\Users\Administrator\.m2\repository\commons-logging\commons-logging\1.0.4\commons-logging-1.0.4.jar;C:\Users\Administrator\.m2\repository\commons-codec\commons-codec\1.10\commons-codec-1.10.jar;C:\Users\Administrator\.m2\repository\org\apache\httpcomponents\httpclient\4.5.2\httpclient-4.5.2.jar;C:\Users\Administrator\.m2\repository\org\apache\httpcomponents\httpcore\4.4.6\httpcore-4.4.6.jar;F:\workspace\springbootparent\springboot-common\target\classes;C:\Users\Administrator\.m2\repository\org\springframework\boot\spring-boot-starter\1.5.7.RELEASE\spring-boot-starter-1.5.7.RELEASE.jar;C:\Users\Administrator\.m2\repository\org\springframework\boot\spring-boot\1.5.7.RELEASE\spring-boot-1.5.7.RELEASE.jar;C:\Users\Administrator\.m2\repository\org\springframework\boot\spring-boot-autoconfigure\1.5.7.RELEASE\spring-boot-autoconfigure-1.5.7.RELEASE.jar;C:\Users\Administrator\.m2\repository\org\springframework\boot\spring-boot-starter-logging\1.5.7.RELEASE\spring-boot-starter-logging-1.5.7.RELEASE.jar;C:\Users\Administrator\.m2\repository\org\slf4j\jcl-over-slf4j\1.7.25\jcl-over-slf4j-1.7.25.jar;C:\Users\Administrator\.m2\repository\org\slf4j\log4j-over-slf4j\1.7.25\log4j-over-slf4j-1.7.25.jar;C:\Users\Administrator\.m2\repository\org\yaml\snakeyaml\1.17\snakeyaml-1.17.jar;C:\Users\Administrator\.m2\repository\org\springframework\boot\spring-boot-starter-web\1.5.7.RELEASE\spring-boot-starter-web-1.5.7.RELEASE.jar;C:\Users\Administrator\.m2\repository\org\springframework\boot\spring-boot-starter-tomcat\1.5.7.RELEASE\spring-boot-starter-tomcat-1.5.7.RELEASE.jar;C:\Users\Administrator\.m2\repository\org\apache\tomcat\embed\tomcat-embed-core\8.5.20\tomcat-embed-core-8.5.20.jar;C:\Users\Administrator\.m2\repository\org\apache\tomcat\embed\tomcat-embed-el\8.5.20\tomcat-embed-el-8.5.20.jar;C:\Users\Administrator\.m2\repository\org\apache\tomcat\embed\tomcat-embed-websocket\8.5.20\tomcat-embed-websocket-8.5.20.jar;C:\Users\Administrator\.m2\repository\org\hibernate\hibernate-validator\5.3.5.Final\hibernate-validator-5.3.5.Final.jar;C:\Users\Administrator\.m2\repository\javax\validation\validation-api\1.1.0.Final\validation-api-1.1.0.Final.jar;C:\Users\Administrator\.m2\repository\org\jboss\logging\jboss-logging\3.3.1.Final\jboss-logging-3.3.1.Final.jar;C:\Users\Administrator\.m2\repository\com\fasterxml\classmate\1.3.4\classmate-1.3.4.jar;C:\Users\Administrator\.m2\repository\com\fasterxml\jackson\core\jackson-databind\2.8.10\jackson-databind-2.8.10.jar;C:\Users\Administrator\.m2\repository\com\fasterxml\jackson\core\jackson-annotations\2.8.0\jackson-annotations-2.8.0.jar;C:\Users\Administrator\.m2\repository\com\fasterxml\jackson\core\jackson-core\2.8.10\jackson-core-2.8.10.jar;C:\Users\Administrator\.m2\repository\org\springframework\spring-web\4.3.11.RELEASE\spring-web-4.3.11.RELEASE.jar;C:\Users\Administrator\.m2\repository\org\springframework\spring-aop\4.3.11.RELEASE\spring-aop-4.3.11.RELEASE.jar;C:\Users\Administrator\.m2\repository\org\springframework\spring-beans\4.3.11.RELEASE\spring-beans-4.3.11.RELEASE.jar;C:\Users\Administrator\.m2\repository\org\springframework\spring-context\4.3.11.RELEASE\spring-context-4.3.11.RELEASE.jar;C:\Users\Administrator\.m2\repository\org\springframework\spring-webmvc\4.3.11.RELEASE\spring-webmvc-4.3.11.RELEASE.jar;C:\Users\Administrator\.m2\repository\org\springframework\spring-expression\4.3.11.RELEASE\spring-expression-4.3.11.RELEASE.jar;C:\Users\Administrator\.m2\repository\mysql\mysql-connector-java\5.1.44\mysql-connector-java-5.1.44.jar;C:\Users\Administrator\.m2\repository\org\mybatis\spring\boot\mybatis-spring-boot-starter\1.3.0\mybatis-spring-boot-starter-1.3.0.jar;C:\Users\Administrator\.m2\repository\org\springframework\boot\spring-boot-starter-jdbc\1.5.7.RELEASE\spring-boot-starter-jdbc-1.5.7.RELEASE.jar;C:\Users\Administrator\.m2\repository\org\apache\tomcat\tomcat-jdbc\8.5.20\tomcat-jdbc-8.5.20.jar;C:\Users\Administrator\.m2\repository\org\apache\tomcat\tomcat-juli\8.5.20\tomcat-juli-8.5.20.jar;C:\Users\Administrator\.m2\repository\org\springframework\spring-jdbc\4.3.11.RELEASE\spring-jdbc-4.3.11.RELEASE.jar;C:\Users\Administrator\.m2\repository\org\springframework\spring-tx\4.3.11.RELEASE\spring-tx-4.3.11.RELEASE.jar;C:\Users\Administrator\.m2\repository\org\mybatis\spring\boot\mybatis-spring-boot-autoconfigure\1.3.0\mybatis-spring-boot-autoconfigure-1.3.0.jar;C:\Users\Administrator\.m2\repository\org\mybatis\mybatis\3.4.4\mybatis-3.4.4.jar;C:\Users\Administrator\.m2\repository\org\mybatis\mybatis-spring\1.3.1\mybatis-spring-1.3.1.jar;C:\Users\Administrator\.m2\repository\tk\mybatis\mapper-spring-boot-starter\1.1.4\mapper-spring-boot-starter-1.1.4.jar;C:\Users\Administrator\.m2\repository\tk\mybatis\mapper-spring-boot-autoconfigure\1.1.4\mapper-spring-boot-autoconfigure-1.1.4.jar;C:\Users\Administrator\.m2\repository\tk\mybatis\mapper\3.4.3\mapper-3.4.3.jar;C:\Users\Administrator\.m2\repository\javax\persistence\persistence-api\1.0\persistence-api-1.0.jar;C:\Users\Administrator\.m2\repository\org\mybatis\generator\mybatis-generator-core\1.3.5\mybatis-generator-core-1.3.5.jar;C:\Users\Administrator\.m2\repository\com\github\pagehelper\pagehelper-spring-boot-starter\1.2.1\pagehelper-spring-boot-starter-1.2.1.jar;C:\Users\Administrator\.m2\repository\com\github\pagehelper\pagehelper-spring-boot-autoconfigure\1.2.1\pagehelper-spring-boot-autoconfigure-1.2.1.jar;C:\Users\Administrator\.m2\repository\com\github\pagehelper\pagehelper\5.1.1\pagehelper-5.1.1.jar;C:\Users\Administrator\.m2\repository\com\github\jsqlparser\jsqlparser\1.0\jsqlparser-1.0.jar;C:\Users\Administrator\.m2\repository\ch\qos\logback\logback-core\1.1.11\logback-core-1.1.11.jar;C:\Users\Administrator\.m2\repository\io\dubbo\springboot\spring-boot-starter-dubbo\1.0.0\spring-boot-starter-dubbo-1.0.0.jar;C:\Users\Administrator\.m2\repository\com\alibaba\dubbo\2.5.3\dubbo-2.5.3.jar;C:\Users\Administrator\.m2\repository\org\javassist\javassist\3.21.0-GA\javassist-3.21.0-GA.jar;C:\Users\Administrator\.m2\repository\org\jboss\netty\netty\3.2.5.Final\netty-3.2.5.Final.jar;C:\Users\Administrator\.m2\repository\com\101tec\zkclient\0.7\zkclient-0.7.jar;C:\Users\Administrator\.m2\repository\org\apache\zookeeper\zookeeper\3.4.8\zookeeper-3.4.8.jar;C:\Users\Administrator\.m2\repository\org\slf4j\slf4j-log4j12\1.7.25\slf4j-log4j12-1.7.25.jar;C:\Users\Administrator\.m2\repository\log4j\log4j\1.2.16\log4j-1.2.16.jar;C:\Users\Administrator\.m2\repository\jline\jline\0.9.94\jline-0.9.94.jar;C:\Users\Administrator\.m2\repository\io\netty\netty\3.7.0.Final\netty-3.7.0.Final.jar;C:\Users\Administrator\.m2\repository\org\projectlombok\lombok\1.16.18\lombok-1.16.18.jar;C:\Users\Administrator\.m2\repository\org\springframework\spring-core\4.3.11.RELEASE\spring-core-4.3.11.RELEASE.jar;C:\Program Files\JetBrains\IntelliJ IDEA 2017.2.2\lib\idea_rt.jar
17:32:11.131 [main] DEBUG org.apache.commons.httpclient.HttpClient - Operating system name: Windows 7
17:32:11.131 [main] DEBUG org.apache.commons.httpclient.HttpClient - Operating system architecture: amd64
17:32:11.131 [main] DEBUG org.apache.commons.httpclient.HttpClient - Operating system version: 6.1
17:32:11.199 [main] DEBUG org.apache.commons.httpclient.HttpClient - SUN 1.8: SUN (DSA key/parameter generation; DSA signing; SHA-1, MD5 digests; SecureRandom; X.509 certificates; JKS & DKS keystores; PKIX CertPathValidator; PKIX CertPathBuilder; LDAP, Collection CertStores, JavaPolicy Policy; JavaLoginConfig Configuration)
17:32:11.199 [main] DEBUG org.apache.commons.httpclient.HttpClient - SunRsaSign 1.8: Sun RSA signature provider
17:32:11.200 [main] DEBUG org.apache.commons.httpclient.HttpClient - SunEC 1.8: Sun Elliptic Curve provider (EC, ECDSA, ECDH)
17:32:11.200 [main] DEBUG org.apache.commons.httpclient.HttpClient - SunJSSE 1.8: Sun JSSE provider(PKCS12, SunX509/PKIX key/trust factories, SSLv3/TLSv1/TLSv1.1/TLSv1.2)
17:32:11.200 [main] DEBUG org.apache.commons.httpclient.HttpClient - SunJCE 1.8: SunJCE Provider (implements RSA, DES, Triple DES, AES, Blowfish, ARCFOUR, RC2, PBE, Diffie-Hellman, HMAC)
17:32:11.201 [main] DEBUG org.apache.commons.httpclient.HttpClient - SunJGSS 1.8: Sun (Kerberos v5, SPNEGO)
17:32:11.201 [main] DEBUG org.apache.commons.httpclient.HttpClient - SunSASL 1.8: Sun SASL provider(implements client mechanisms for: DIGEST-MD5, GSSAPI, EXTERNAL, PLAIN, CRAM-MD5, NTLM; server mechanisms for: DIGEST-MD5, GSSAPI, CRAM-MD5, NTLM)
17:32:11.201 [main] DEBUG org.apache.commons.httpclient.HttpClient - XMLDSig 1.8: XMLDSig (DOM XMLSignatureFactory; DOM KeyInfoFactory; C14N 1.0, C14N 1.1, Exclusive C14N, Base64, Enveloped, XPath, XPath2, XSLT TransformServices)
17:32:11.201 [main] DEBUG org.apache.commons.httpclient.HttpClient - SunPCSC 1.8: Sun PC/SC provider
17:32:11.201 [main] DEBUG org.apache.commons.httpclient.HttpClient - SunMSCAPI 1.8: Sun's Microsoft Crypto API provider
17:32:11.202 [main] INFO  c.j.s.practice.sms.HttpUtils - http://202.85.221.42:9885/c123/querymoney
17:32:11.227 [main] DEBUG o.a.c.h.MultiThreadedHttpConnectionManager - HttpConnectionManager.getConnection:  config = HostConfiguration[host=http://202.85.221.42:9885], timeout = 0
17:32:11.228 [main] DEBUG o.a.c.h.MultiThreadedHttpConnectionManager - Allocating new connection, hostConfig=HostConfiguration[host=http://202.85.221.42:9885]
17:32:11.233 [main] DEBUG o.a.commons.httpclient.HttpConnection - Open connection to 202.85.221.42:9885
17:32:11.273 [main] DEBUG httpclient.wire.header - >> "POST /c123/querymoney HTTP/1.1[\r][\n]"
17:32:11.273 [main] DEBUG o.a.commons.httpclient.HttpMethodBase - Adding Host request header
17:32:11.284 [main] DEBUG httpclient.wire.header - >> "Content-Type: application/x-www-form-urlencoded;charset=gb2312[\r][\n]"
17:32:11.284 [main] DEBUG httpclient.wire.header - >> "User-Agent: Jakarta Commons-HttpClient/3.1[\r][\n]"
17:32:11.284 [main] DEBUG httpclient.wire.header - >> "Host: 202.85.221.42:9885[\r][\n]"
17:32:11.284 [main] DEBUG httpclient.wire.header - >> "Content-Length: 69[\r][\n]"
17:32:11.284 [main] DEBUG httpclient.wire.header - >> "[\r][\n]"
17:32:11.285 [main] DEBUG httpclient.wire.content - >> "uid=ceshi123&mobile=18868945831&pwd=&content=%B2%E2%CA%D4%C4%E3%BA%C3"
17:32:11.285 [main] DEBUG o.a.c.h.methods.EntityEnclosingMethod - Request body sent
17:32:11.317 [main] DEBUG httpclient.wire.header - << "HTTP/1.0 200 OK[\r][\n]"
17:32:11.317 [main] DEBUG httpclient.wire.header - << "HTTP/1.0 200 OK[\r][\n]"
17:32:11.318 [main] DEBUG httpclient.wire.header - << "content-length: 2[\r][\n]"
17:32:11.319 [main] DEBUG httpclient.wire.header - << "[\r][\n]"
17:32:11.320 [main] DEBUG o.a.commons.httpclient.HttpMethodBase - Buffering response body
17:32:11.320 [main] DEBUG httpclient.wire.content - << "-1"
17:32:11.320 [main] DEBUG o.a.commons.httpclient.HttpMethodBase - Resorting to protocol version default close connection policy
17:32:11.321 [main] DEBUG o.a.commons.httpclient.HttpMethodBase - Should close connection, using HTTP/1.0
17:32:11.321 [main] DEBUG o.a.commons.httpclient.HttpConnection - Releasing connection back to connection manager.
17:32:11.321 [main] DEBUG o.a.c.h.MultiThreadedHttpConnectionManager - Freeing connection, hostConfig=HostConfiguration[host=http://202.85.221.42:9885]
17:32:11.321 [main] DEBUG o.a.c.h.util.IdleConnectionHandler - Adding connection at: 1531992731321
17:32:11.321 [main] DEBUG o.a.c.h.MultiThreadedHttpConnectionManager - Notifying no-one, there are no waiting threads
17:32:11.321 [main] DEBUG o.a.commons.httpclient.HttpMethodBase - Default charset used: ISO-8859-1
17:32:11.322 [main] INFO  c.j.s.practice.sms.HttpUtils - http://202.85.221.42:9885/c123/sendsms
17:32:11.323 [main] DEBUG o.a.c.h.MultiThreadedHttpConnectionManager - HttpConnectionManager.getConnection:  config = HostConfiguration[host=http://202.85.221.42:9885], timeout = 0
17:32:11.323 [main] DEBUG o.a.c.h.MultiThreadedHttpConnectionManager - Getting free connection, hostConfig=HostConfiguration[host=http://202.85.221.42:9885]
17:32:11.323 [main] DEBUG o.a.commons.httpclient.HttpConnection - Open connection to 202.85.221.42:9885
17:32:11.349 [main] DEBUG httpclient.wire.header - >> "POST /c123/sendsms HTTP/1.1[\r][\n]"
17:32:11.349 [main] DEBUG o.a.commons.httpclient.HttpMethodBase - Adding Host request header
17:32:11.349 [main] DEBUG httpclient.wire.header - >> "Content-Type: application/x-www-form-urlencoded;charset=UTF-8[\r][\n]"
17:32:11.349 [main] DEBUG httpclient.wire.header - >> "User-Agent: Jakarta Commons-HttpClient/3.1[\r][\n]"
17:32:11.350 [main] DEBUG httpclient.wire.header - >> "Host: 202.85.221.42:9885[\r][\n]"
17:32:11.350 [main] DEBUG httpclient.wire.header - >> "Content-Length: 29[\r][\n]"
17:32:11.350 [main] DEBUG httpclient.wire.header - >> "[\r][\n]"
17:32:11.350 [main] DEBUG httpclient.wire.content - >> "encode=utf8&uid=ceshi123&pwd="
17:32:11.351 [main] DEBUG o.a.c.h.methods.EntityEnclosingMethod - Request body sent
17:32:11.379 [main] DEBUG httpclient.wire.header - << "HTTP/1.0 200 OK[\r][\n]"
17:32:11.379 [main] DEBUG httpclient.wire.header - << "HTTP/1.0 200 OK[\r][\n]"
17:32:11.379 [main] DEBUG httpclient.wire.header - << "content-length: 2[\r][\n]"
17:32:11.379 [main] DEBUG httpclient.wire.header - << "[\r][\n]"
17:32:11.379 [main] DEBUG o.a.commons.httpclient.HttpMethodBase - Buffering response body
17:32:11.379 [main] DEBUG httpclient.wire.content - << "-1"
17:32:11.379 [main] DEBUG o.a.commons.httpclient.HttpMethodBase - Resorting to protocol version default close connection policy
17:32:11.379 [main] DEBUG o.a.commons.httpclient.HttpMethodBase - Should close connection, using HTTP/1.0
17:32:11.379 [main] DEBUG o.a.commons.httpclient.HttpConnection - Releasing connection back to connection manager.
17:32:11.379 [main] DEBUG o.a.c.h.MultiThreadedHttpConnectionManager - Freeing connection, hostConfig=HostConfiguration[host=http://202.85.221.42:9885]
17:32:11.380 [main] DEBUG o.a.c.h.util.IdleConnectionHandler - Adding connection at: 1531992731380
17:32:11.380 [main] DEBUG o.a.c.h.MultiThreadedHttpConnectionManager - Notifying no-one, there are no waiting threads
17:32:11.380 [main] DEBUG o.a.commons.httpclient.HttpMethodBase - Default charset used: ISO-8859-1
